Build started 5/13/2013 2:12:42 AM.
     1>Project "C:\Users\Jamie\Documents\GitHub\ForceOfReaction\CSE380_Spring2013_HW3\Walkabout\Walkabout.vcxproj" on node 2 (build target(s)).
     1>InitializeBuildStatus:
         Creating "C:\Users\Jamie\Documents\GitHub\ForceOfReaction\CSE380_Spring2013_HW3\Temp\Walkabout\Walkabout.unsuccessfulbuild" because "AlwaysCreate" was specified.
       ClCompile:
         c:\Program Files\Microsoft Visual Studio 10.0\VC\bin\CL.exe /c /ZI /nologo /W3 /WX- /Od /Oy- /D WIN32 /D _DEBUG /D _WINDOWS /D _UNICODE /D UNICODE /Gm /EHsc /RTC1 /MDd /GS /fp:precise /Zc:wchar_t /Zc:forScope /Fo"C:\Users\Jamie\Documents\GitHub\ForceOfReaction\CSE380_Spring2013_HW3\Temp\Walkabout\\" /Fd"C:\Users\Jamie\Documents\GitHub\ForceOfReaction\CSE380_Spring2013_HW3\Temp\Walkabout\vc100.pdb" /Gd /TP /analyze- /errorReport:prompt src\WalkaboutDataLoader.cpp
         WalkaboutDataLoader.cpp
     1>c:\users\jamie\documents\github\forceofreaction\cse380_spring2013_hw3\walkabout\src\walkaboutdataloader.cpp(1405): warning C4244: 'argument' : conversion from 'int' to 'float', possible loss of data
     1>c:\users\jamie\documents\github\forceofreaction\cse380_spring2013_hw3\walkabout\src\walkaboutdataloader.cpp(1406): warning C4244: 'argument' : conversion from 'int' to 'float', possible loss of data
     1>c:\users\jamie\documents\github\forceofreaction\cse380_spring2013_hw3\walkabout\src\walkaboutdataloader.cpp(1417): warning C4244: 'argument' : conversion from 'int' to 'float', possible loss of data
     1>c:\users\jamie\documents\github\forceofreaction\cse380_spring2013_hw3\walkabout\src\walkaboutdataloader.cpp(1417): warning C4244: 'argument' : conversion from 'int' to 'float', possible loss of data
     1>c:\users\jamie\documents\github\forceofreaction\cse380_spring2013_hw3\walkabout\src\walkaboutdataloader.cpp(1428): warning C4244: 'argument' : conversion from 'int' to 'float', possible loss of data
     1>c:\users\jamie\documents\github\forceofreaction\cse380_spring2013_hw3\walkabout\src\walkaboutdataloader.cpp(1429): warning C4244: 'argument' : conversion from 'int' to 'float', possible loss of data
     1>c:\users\jamie\documents\github\forceofreaction\cse380_spring2013_hw3\walkabout\src\walkaboutdataloader.cpp(1451): warning C4244: 'argument' : conversion from 'int' to 'float', possible loss of data
     1>c:\users\jamie\documents\github\forceofreaction\cse380_spring2013_hw3\walkabout\src\walkaboutdataloader.cpp(1452): warning C4244: 'argument' : conversion from 'int' to 'float', possible loss of data
     1>c:\users\jamie\documents\github\forceofreaction\cse380_spring2013_hw3\walkabout\src\walkaboutdataloader.cpp(1468): warning C4244: 'argument' : conversion from 'const float' to 'int', possible loss of data
     1>c:\users\jamie\documents\github\forceofreaction\cse380_spring2013_hw3\walkabout\src\walkaboutdataloader.cpp(1468): warning C4244: 'argument' : conversion from 'const float' to 'int', possible loss of data
     1>c:\users\jamie\documents\github\forceofreaction\cse380_spring2013_hw3\walkabout\src\walkaboutdataloader.cpp(1468): warning C4244: 'argument' : conversion from 'const float' to 'int', possible loss of data
     1>c:\users\jamie\documents\github\forceofreaction\cse380_spring2013_hw3\walkabout\src\walkaboutdataloader.cpp(1475): warning C4244: 'argument' : conversion from 'int' to 'float', possible loss of data
     1>c:\users\jamie\documents\github\forceofreaction\cse380_spring2013_hw3\walkabout\src\walkaboutdataloader.cpp(1476): warning C4244: 'argument' : conversion from 'int' to 'float', possible loss of data
     1>c:\users\jamie\documents\github\forceofreaction\cse380_spring2013_hw3\walkabout\src\walkaboutdataloader.cpp(1498): warning C4244: 'argument' : conversion from 'int' to 'float', possible loss of data
     1>c:\users\jamie\documents\github\forceofreaction\cse380_spring2013_hw3\walkabout\src\walkaboutdataloader.cpp(1499): warning C4244: 'argument' : conversion from 'int' to 'float', possible loss of data
     1>c:\users\jamie\documents\github\forceofreaction\cse380_spring2013_hw3\walkabout\src\walkaboutdataloader.cpp(1527): warning C4244: 'argument' : conversion from 'int' to 'float', possible loss of data
     1>c:\users\jamie\documents\github\forceofreaction\cse380_spring2013_hw3\walkabout\src\walkaboutdataloader.cpp(1528): warning C4244: 'argument' : conversion from 'int' to 'float', possible loss of data
     1>c:\users\jamie\documents\github\forceofreaction\cse380_spring2013_hw3\walkabout\src\walkaboutdataloader.cpp(1552): warning C4244: 'argument' : conversion from 'int' to 'float', possible loss of data
     1>c:\users\jamie\documents\github\forceofreaction\cse380_spring2013_hw3\walkabout\src\walkaboutdataloader.cpp(1553): warning C4244: 'argument' : conversion from 'int' to 'float', possible loss of data
       ManifestResourceCompile:
         All outputs are up-to-date.
       Link:
         c:\Program Files\Microsoft Visual Studio 10.0\VC\bin\link.exe /ERRORREPORT:PROMPT /OUT:"C:\Users\Jamie\Documents\GitHub\ForceOfReaction\CSE380_Spring2013_HW3\Apps\Walkabout\Walkabout.exe" /INCREMENTAL /NOLOGO LuaPlusFramework.lib tinyxml.lib SimpleSideScrollerFramework.lib XMLFileImporter.lib PoseurSpriteTypesImporter.lib TMXMapImporter.lib winmm.lib d3d9.lib d3dx9.lib kernel32.lib user32.lib gdi32.lib winspool.lib comdlg32.lib advapi32.lib shell32.lib ole32.lib oleaut32.lib uuid.lib odbc32.lib odbccp32.lib /MANIFEST /ManifestFile:"C:\Users\Jamie\Documents\GitHub\ForceOfReaction\CSE380_Spring2013_HW3\Temp\Walkabout\Walkabout.exe.intermediate.manifest" /MANIFESTUAC:"level='asInvoker' uiAccess='false'" /DEBUG /PDB:"C:\Users\Jamie\Documents\GitHub\ForceOfReaction\CSE380_Spring2013_HW3\Apps\Walkabout\Walkabout.pdb" /SUBSYSTEM:WINDOWS /TLBID:1 /DYNAMICBASE /NXCOMPAT /IMPLIB:"C:\Users\Jamie\Documents\GitHub\ForceOfReaction\CSE380_Spring2013_HW3\Apps\Walkabout\Walkabout.lib" /MACHINE:X86 C:\Users\Jamie\Documents\GitHub\ForceOfReaction\CSE380_Spring2013_HW3\Temp\Walkabout\Walkabout.exe.embed.manifest.res
         C:\Users\Jamie\Documents\GitHub\ForceOfReaction\CSE380_Spring2013_HW3\Temp\Walkabout\BossBot.obj
         C:\Users\Jamie\Documents\GitHub\ForceOfReaction\CSE380_Spring2013_HW3\Temp\Walkabout\BreakableWall.obj
         C:\Users\Jamie\Documents\GitHub\ForceOfReaction\CSE380_Spring2013_HW3\Temp\Walkabout\Bubble.obj
         C:\Users\Jamie\Documents\GitHub\ForceOfReaction\CSE380_Spring2013_HW3\Temp\Walkabout\CutsceneTrigger.obj
         C:\Users\Jamie\Documents\GitHub\ForceOfReaction\CSE380_Spring2013_HW3\Temp\Walkabout\FireBall.obj
         C:\Users\Jamie\Documents\GitHub\ForceOfReaction\CSE380_Spring2013_HW3\Temp\Walkabout\Flamethrower.obj
         C:\Users\Jamie\Documents\GitHub\ForceOfReaction\CSE380_Spring2013_HW3\Temp\Walkabout\FORFloatingBot.obj
         C:\Users\Jamie\Documents\GitHub\ForceOfReaction\CSE380_Spring2013_HW3\Temp\Walkabout\FORPlayer.obj
         C:\Users\Jamie\Documents\GitHub\ForceOfReaction\CSE380_Spring2013_HW3\Temp\Walkabout\Fountain.obj
         C:\Users\Jamie\Documents\GitHub\ForceOfReaction\CSE380_Spring2013_HW3\Temp\Walkabout\Seed.obj
         C:\Users\Jamie\Documents\GitHub\ForceOfReaction\CSE380_Spring2013_HW3\Temp\Walkabout\Switch.obj
         C:\Users\Jamie\Documents\GitHub\ForceOfReaction\CSE380_Spring2013_HW3\Temp\Walkabout\SwitchWall.obj
         C:\Users\Jamie\Documents\GitHub\ForceOfReaction\CSE380_Spring2013_HW3\Temp\Walkabout\Vine.obj
         C:\Users\Jamie\Documents\GitHub\ForceOfReaction\CSE380_Spring2013_HW3\Temp\Walkabout\WalkaboutButtonEventHandler.obj
         C:\Users\Jamie\Documents\GitHub\ForceOfReaction\CSE380_Spring2013_HW3\Temp\Walkabout\WalkaboutCollisionListener.obj
         C:\Users\Jamie\Documents\GitHub\ForceOfReaction\CSE380_Spring2013_HW3\Temp\Walkabout\WalkaboutDataLoader.obj
         C:\Users\Jamie\Documents\GitHub\ForceOfReaction\CSE380_Spring2013_HW3\Temp\Walkabout\WalkaboutGame.obj
         C:\Users\Jamie\Documents\GitHub\ForceOfReaction\CSE380_Spring2013_HW3\Temp\Walkabout\WalkaboutKeyEventHandler.obj
         C:\Users\Jamie\Documents\GitHub\ForceOfReaction\CSE380_Spring2013_HW3\Temp\Walkabout\WalkaboutTextGenerator.obj
       Manifest:
         c:\Program Files\Microsoft SDKs\Windows\v7.0A\bin\mt.exe /nologo /verbose /out:"C:\Users\Jamie\Documents\GitHub\ForceOfReaction\CSE380_Spring2013_HW3\Temp\Walkabout\Walkabout.exe.embed.manifest" /manifest C:\Users\Jamie\Documents\GitHub\ForceOfReaction\CSE380_Spring2013_HW3\Temp\Walkabout\Walkabout.exe.intermediate.manifest
         All outputs are up-to-date.
       LinkEmbedManifest:
         All outputs are up-to-date.
         Walkabout.vcxproj -> C:\Users\Jamie\Documents\GitHub\ForceOfReaction\CSE380_Spring2013_HW3\Apps\Walkabout\Walkabout.exe
       FinalizeBuildStatus:
         Deleting file "C:\Users\Jamie\Documents\GitHub\ForceOfReaction\CSE380_Spring2013_HW3\Temp\Walkabout\Walkabout.unsuccessfulbuild".
         Touching "C:\Users\Jamie\Documents\GitHub\ForceOfReaction\CSE380_Spring2013_HW3\Temp\Walkabout\Walkabout.lastbuildstate".
     1>Done Building Project "C:\Users\Jamie\Documents\GitHub\ForceOfReaction\CSE380_Spring2013_HW3\Walkabout\Walkabout.vcxproj" (build target(s)).

Build succeeded.

Time Elapsed 00:00:16.20
