C:\USERS\JAMIE\DOCUMENTS\GITHUB\FORCEOFREACTION\CSE380_SPRING2013_HW3\APPS\WALKABOUT\WALKABOUT.EXE
C:\USERS\JAMIE\DOCUMENTS\GITHUB\FORCEOFREACTION\CSE380_SPRING2013_HW3\APPS\WALKABOUT\WALKABOUT.ILK
C:\USERS\JAMIE\DOCUMENTS\GITHUB\FORCEOFREACTION\CSE380_SPRING2013_HW3\APPS\WALKABOUT\WALKABOUT.PDB
C:\USERS\JAMIE\DOCUMENTS\GITHUB\FORCEOFREACTION\CSE380_SPRING2013_HW3\TEMP\WALKABOUT\BOSS_BOT.OBJ
C:\USERS\JAMIE\DOCUMENTS\GITHUB\FORCEOFREACTION\CSE380_SPRING2013_HW3\TEMP\WALKABOUT\BREAKABLE_WALL.OBJ
C:\Users\Jamie\Documents\GitHub\ForceOfReaction\CSE380_Spring2013_HW3\Temp\Walkabout\cl.command.1.tlog
C:\Users\Jamie\Documents\GitHub\ForceOfReaction\CSE380_Spring2013_HW3\Temp\Walkabout\CL.read.1.tlog
C:\Users\Jamie\Documents\GitHub\ForceOfReaction\CSE380_Spring2013_HW3\Temp\Walkabout\CL.write.1.tlog
C:\USERS\JAMIE\DOCUMENTS\GITHUB\FORCEOFREACTION\CSE380_SPRING2013_HW3\TEMP\WALKABOUT\FIREBALL.OBJ
C:\USERS\JAMIE\DOCUMENTS\GITHUB\FORCEOFREACTION\CSE380_SPRING2013_HW3\TEMP\WALKABOUT\FOR_PLAYER.OBJ
C:\USERS\JAMIE\DOCUMENTS\GITHUB\FORCEOFREACTION\CSE380_SPRING2013_HW3\TEMP\WALKABOUT\FORFLOATINGBOT.OBJ
C:\Users\Jamie\Documents\GitHub\ForceOfReaction\CSE380_Spring2013_HW3\Temp\Walkabout\link.5516.read.1.tlog
C:\Users\Jamie\Documents\GitHub\ForceOfReaction\CSE380_Spring2013_HW3\Temp\Walkabout\link.5516.write.1.tlog
C:\Users\Jamie\Documents\GitHub\ForceOfReaction\CSE380_Spring2013_HW3\Temp\Walkabout\link.5516-cvtres.read.1.tlog
C:\Users\Jamie\Documents\GitHub\ForceOfReaction\CSE380_Spring2013_HW3\Temp\Walkabout\link.5516-cvtres.write.1.tlog
C:\Users\Jamie\Documents\GitHub\ForceOfReaction\CSE380_Spring2013_HW3\Temp\Walkabout\link.command.1.tlog
C:\Users\Jamie\Documents\GitHub\ForceOfReaction\CSE380_Spring2013_HW3\Temp\Walkabout\link.read.1.tlog
C:\Users\Jamie\Documents\GitHub\ForceOfReaction\CSE380_Spring2013_HW3\Temp\Walkabout\link.write.1.tlog
C:\Users\Jamie\Documents\GitHub\ForceOfReaction\CSE380_Spring2013_HW3\Temp\Walkabout\link-cvtres.read.1.tlog
C:\Users\Jamie\Documents\GitHub\ForceOfReaction\CSE380_Spring2013_HW3\Temp\Walkabout\link-cvtres.write.1.tlog
C:\Users\Jamie\Documents\GitHub\ForceOfReaction\CSE380_Spring2013_HW3\Temp\Walkabout\mt.command.1.tlog
C:\Users\Jamie\Documents\GitHub\ForceOfReaction\CSE380_Spring2013_HW3\Temp\Walkabout\mt.read.1.tlog
C:\Users\Jamie\Documents\GitHub\ForceOfReaction\CSE380_Spring2013_HW3\Temp\Walkabout\mt.write.1.tlog
C:\Users\Jamie\Documents\GitHub\ForceOfReaction\CSE380_Spring2013_HW3\Temp\Walkabout\rc.command.1.tlog
C:\Users\Jamie\Documents\GitHub\ForceOfReaction\CSE380_Spring2013_HW3\Temp\Walkabout\rc.read.1.tlog
C:\Users\Jamie\Documents\GitHub\ForceOfReaction\CSE380_Spring2013_HW3\Temp\Walkabout\rc.write.1.tlog
C:\USERS\JAMIE\DOCUMENTS\GITHUB\FORCEOFREACTION\CSE380_SPRING2013_HW3\TEMP\WALKABOUT\SEED.OBJ
C:\Users\Jamie\Documents\GitHub\ForceOfReaction\CSE380_Spring2013_HW3\Temp\Walkabout\vc100.idb
C:\USERS\JAMIE\DOCUMENTS\GITHUB\FORCEOFREACTION\CSE380_SPRING2013_HW3\TEMP\WALKABOUT\VC100.PDB
C:\USERS\JAMIE\DOCUMENTS\GITHUB\FORCEOFREACTION\CSE380_SPRING2013_HW3\TEMP\WALKABOUT\VINE.OBJ
C:\USERS\JAMIE\DOCUMENTS\GITHUB\FORCEOFREACTION\CSE380_SPRING2013_HW3\TEMP\WALKABOUT\WALKABOUT.EXE.EMBED.MANIFEST
C:\USERS\JAMIE\DOCUMENTS\GITHUB\FORCEOFREACTION\CSE380_SPRING2013_HW3\TEMP\WALKABOUT\WALKABOUT.EXE.EMBED.MANIFEST.RES
C:\USERS\JAMIE\DOCUMENTS\GITHUB\FORCEOFREACTION\CSE380_SPRING2013_HW3\TEMP\WALKABOUT\WALKABOUT.EXE.INTERMEDIATE.MANIFEST
C:\Users\Jamie\Documents\GitHub\ForceOfReaction\CSE380_Spring2013_HW3\Temp\Walkabout\Walkabout_manifest.rc
C:\USERS\JAMIE\DOCUMENTS\GITHUB\FORCEOFREACTION\CSE380_SPRING2013_HW3\TEMP\WALKABOUT\WALKABOUTBUTTONEVENTHANDLER.OBJ
C:\USERS\JAMIE\DOCUMENTS\GITHUB\FORCEOFREACTION\CSE380_SPRING2013_HW3\TEMP\WALKABOUT\WALKABOUTCOLLISIONLISTENER.OBJ
C:\USERS\JAMIE\DOCUMENTS\GITHUB\FORCEOFREACTION\CSE380_SPRING2013_HW3\TEMP\WALKABOUT\WALKABOUTDATALOADER.OBJ
C:\USERS\JAMIE\DOCUMENTS\GITHUB\FORCEOFREACTION\CSE380_SPRING2013_HW3\TEMP\WALKABOUT\WALKABOUTGAME.OBJ
C:\USERS\JAMIE\DOCUMENTS\GITHUB\FORCEOFREACTION\CSE380_SPRING2013_HW3\TEMP\WALKABOUT\WALKABOUTKEYEVENTHANDLER.OBJ
C:\USERS\JAMIE\DOCUMENTS\GITHUB\FORCEOFREACTION\CSE380_SPRING2013_HW3\TEMP\WALKABOUT\WALKABOUTTEXTGENERATOR.OBJ
