C:\USERS\JAMIE\DOCUMENTS\GITHUB\FORCEOFREACTION\CSE380_SPRING2013_HW3\COMMON\SIMPLESIDESCROLLERFRAMEWORK.LIB
C:\USERS\JAMIE\DOCUMENTS\GITHUB\FORCEOFREACTION\CSE380_SPRING2013_HW3\TEMP\SIMPLESIDESCROLLERFRAMEWORK\AABB.OBJ
C:\USERS\JAMIE\DOCUMENTS\GITHUB\FORCEOFREACTION\CSE380_SPRING2013_HW3\TEMP\SIMPLESIDESCROLLERFRAMEWORK\ANIMATEDSPRITE.OBJ
C:\USERS\JAMIE\DOCUMENTS\GITHUB\FORCEOFREACTION\CSE380_SPRING2013_HW3\TEMP\SIMPLESIDESCROLLERFRAMEWORK\ANIMATEDSPRITETYPE.OBJ
C:\USERS\JAMIE\DOCUMENTS\GITHUB\FORCEOFREACTION\CSE380_SPRING2013_HW3\TEMP\SIMPLESIDESCROLLERFRAMEWORK\BOTRECYCLER.OBJ
C:\USERS\JAMIE\DOCUMENTS\GITHUB\FORCEOFREACTION\CSE380_SPRING2013_HW3\TEMP\SIMPLESIDESCROLLERFRAMEWORK\BOXCONTACTLISTENER.OBJ
C:\USERS\JAMIE\DOCUMENTS\GITHUB\FORCEOFREACTION\CSE380_SPRING2013_HW3\TEMP\SIMPLESIDESCROLLERFRAMEWORK\BOXPHYSICS.OBJ
C:\USERS\JAMIE\DOCUMENTS\GITHUB\FORCEOFREACTION\CSE380_SPRING2013_HW3\TEMP\SIMPLESIDESCROLLERFRAMEWORK\BOXPHYSICSFACTORY.OBJ
C:\USERS\JAMIE\DOCUMENTS\GITHUB\FORCEOFREACTION\CSE380_SPRING2013_HW3\TEMP\SIMPLESIDESCROLLERFRAMEWORK\BUFFEREDTEXTFILEREADER.OBJ
C:\USERS\JAMIE\DOCUMENTS\GITHUB\FORCEOFREACTION\CSE380_SPRING2013_HW3\TEMP\SIMPLESIDESCROLLERFRAMEWORK\BUTTON.OBJ
C:\Users\Jamie\Documents\GitHub\ForceOfReaction\CSE380_Spring2013_HW3\Temp\SimpleSideScrollerFramework\cl.command.1.tlog
C:\Users\Jamie\Documents\GitHub\ForceOfReaction\CSE380_Spring2013_HW3\Temp\SimpleSideScrollerFramework\CL.read.1.tlog
C:\Users\Jamie\Documents\GitHub\ForceOfReaction\CSE380_Spring2013_HW3\Temp\SimpleSideScrollerFramework\CL.write.1.tlog
C:\USERS\JAMIE\DOCUMENTS\GITHUB\FORCEOFREACTION\CSE380_SPRING2013_HW3\TEMP\SIMPLESIDESCROLLERFRAMEWORK\COLLIDABLEOBJECT.OBJ
C:\USERS\JAMIE\DOCUMENTS\GITHUB\FORCEOFREACTION\CSE380_SPRING2013_HW3\TEMP\SIMPLESIDESCROLLERFRAMEWORK\CURSOR.OBJ
C:\USERS\JAMIE\DOCUMENTS\GITHUB\FORCEOFREACTION\CSE380_SPRING2013_HW3\TEMP\SIMPLESIDESCROLLERFRAMEWORK\DIRECTXGRAPHICS.OBJ
C:\USERS\JAMIE\DOCUMENTS\GITHUB\FORCEOFREACTION\CSE380_SPRING2013_HW3\TEMP\SIMPLESIDESCROLLERFRAMEWORK\DIRECTXTEXTUREMANAGER.OBJ
C:\USERS\JAMIE\DOCUMENTS\GITHUB\FORCEOFREACTION\CSE380_SPRING2013_HW3\TEMP\SIMPLESIDESCROLLERFRAMEWORK\GAME.OBJ
C:\USERS\JAMIE\DOCUMENTS\GITHUB\FORCEOFREACTION\CSE380_SPRING2013_HW3\TEMP\SIMPLESIDESCROLLERFRAMEWORK\GAMEAUDIOMANAGER.OBJ
C:\USERS\JAMIE\DOCUMENTS\GITHUB\FORCEOFREACTION\CSE380_SPRING2013_HW3\TEMP\SIMPLESIDESCROLLERFRAMEWORK\GAMEDATALOADER.OBJ
C:\USERS\JAMIE\DOCUMENTS\GITHUB\FORCEOFREACTION\CSE380_SPRING2013_HW3\TEMP\SIMPLESIDESCROLLERFRAMEWORK\GAMEGRAPHICS.OBJ
C:\USERS\JAMIE\DOCUMENTS\GITHUB\FORCEOFREACTION\CSE380_SPRING2013_HW3\TEMP\SIMPLESIDESCROLLERFRAMEWORK\GAMEGUI.OBJ
C:\USERS\JAMIE\DOCUMENTS\GITHUB\FORCEOFREACTION\CSE380_SPRING2013_HW3\TEMP\SIMPLESIDESCROLLERFRAMEWORK\GAMEINPUT.OBJ
C:\USERS\JAMIE\DOCUMENTS\GITHUB\FORCEOFREACTION\CSE380_SPRING2013_HW3\TEMP\SIMPLESIDESCROLLERFRAMEWORK\GAMESTATEMANAGER.OBJ
C:\USERS\JAMIE\DOCUMENTS\GITHUB\FORCEOFREACTION\CSE380_SPRING2013_HW3\TEMP\SIMPLESIDESCROLLERFRAMEWORK\GAMETEXT.OBJ
C:\Users\Jamie\Documents\GitHub\ForceOfReaction\CSE380_Spring2013_HW3\Temp\SimpleSideScrollerFramework\lib.command.1.tlog
C:\Users\Jamie\Documents\GitHub\ForceOfReaction\CSE380_Spring2013_HW3\Temp\SimpleSideScrollerFramework\Lib-link.read.1.tlog
C:\Users\Jamie\Documents\GitHub\ForceOfReaction\CSE380_Spring2013_HW3\Temp\SimpleSideScrollerFramework\Lib-link.write.1.tlog
C:\USERS\JAMIE\DOCUMENTS\GITHUB\FORCEOFREACTION\CSE380_SPRING2013_HW3\TEMP\SIMPLESIDESCROLLERFRAMEWORK\PHYSICS.OBJ
C:\USERS\JAMIE\DOCUMENTS\GITHUB\FORCEOFREACTION\CSE380_SPRING2013_HW3\TEMP\SIMPLESIDESCROLLERFRAMEWORK\RENDERLIST.OBJ
C:\USERS\JAMIE\DOCUMENTS\GITHUB\FORCEOFREACTION\CSE380_SPRING2013_HW3\TEMP\SIMPLESIDESCROLLERFRAMEWORK\SCREENGUI.OBJ
C:\USERS\JAMIE\DOCUMENTS\GITHUB\FORCEOFREACTION\CSE380_SPRING2013_HW3\TEMP\SIMPLESIDESCROLLERFRAMEWORK\SPARSELAYER.OBJ
C:\USERS\JAMIE\DOCUMENTS\GITHUB\FORCEOFREACTION\CSE380_SPRING2013_HW3\TEMP\SIMPLESIDESCROLLERFRAMEWORK\SPRITEMANAGER.OBJ
C:\USERS\JAMIE\DOCUMENTS\GITHUB\FORCEOFREACTION\CSE380_SPRING2013_HW3\TEMP\SIMPLESIDESCROLLERFRAMEWORK\STDAFX.OBJ
C:\USERS\JAMIE\DOCUMENTS\GITHUB\FORCEOFREACTION\CSE380_SPRING2013_HW3\TEMP\SIMPLESIDESCROLLERFRAMEWORK\TEXTFILEWRITER.OBJ
C:\USERS\JAMIE\DOCUMENTS\GITHUB\FORCEOFREACTION\CSE380_SPRING2013_HW3\TEMP\SIMPLESIDESCROLLERFRAMEWORK\TEXTUREMANAGER.OBJ
C:\USERS\JAMIE\DOCUMENTS\GITHUB\FORCEOFREACTION\CSE380_SPRING2013_HW3\TEMP\SIMPLESIDESCROLLERFRAMEWORK\TILEDLAYER.OBJ
C:\Users\Jamie\Documents\GitHub\ForceOfReaction\CSE380_Spring2013_HW3\Temp\SimpleSideScrollerFramework\vc100.idb
C:\USERS\JAMIE\DOCUMENTS\GITHUB\FORCEOFREACTION\CSE380_SPRING2013_HW3\TEMP\SIMPLESIDESCROLLERFRAMEWORK\VC100.PDB
C:\USERS\JAMIE\DOCUMENTS\GITHUB\FORCEOFREACTION\CSE380_SPRING2013_HW3\TEMP\SIMPLESIDESCROLLERFRAMEWORK\VIEWPORT.OBJ
C:\USERS\JAMIE\DOCUMENTS\GITHUB\FORCEOFREACTION\CSE380_SPRING2013_HW3\TEMP\SIMPLESIDESCROLLERFRAMEWORK\WINDOWSINPUT.OBJ
C:\USERS\JAMIE\DOCUMENTS\GITHUB\FORCEOFREACTION\CSE380_SPRING2013_HW3\TEMP\SIMPLESIDESCROLLERFRAMEWORK\WINDOWSOS.OBJ
C:\USERS\JAMIE\DOCUMENTS\GITHUB\FORCEOFREACTION\CSE380_SPRING2013_HW3\TEMP\SIMPLESIDESCROLLERFRAMEWORK\WINDOWSTIMER.OBJ
C:\USERS\JAMIE\DOCUMENTS\GITHUB\FORCEOFREACTION\CSE380_SPRING2013_HW3\TEMP\SIMPLESIDESCROLLERFRAMEWORK\WORLD.OBJ
C:\USERS\JAMIE\DOCUMENTS\GITHUB\FORCEOFREACTION\CSE380_SPRING2013_HW3\TEMP\SIMPLESIDESCROLLERFRAMEWORK\WSTRINGTABLE.OBJ
