Build started 5/13/2013 1:00:13 AM.
     1>Project "C:\Users\Jamie\Documents\GitHub\ForceOfReaction\CSE380_Spring2013_HW3\tinyxml\tinyxml.vcxproj" on node 2 (build target(s)).
     1>PrepareForBuild:
         Creating directory "C:\Users\Jamie\Documents\GitHub\ForceOfReaction\CSE380_Spring2013_HW3\Common\".
       InitializeBuildStatus:
         Creating "C:\Users\Jamie\Documents\GitHub\ForceOfReaction\CSE380_Spring2013_HW3\Temp\tinyxml\tinyxml.unsuccessfulbuild" because "AlwaysCreate" was specified.
       ClCompile:
         c:\Program Files\Microsoft Visual Studio 10.0\VC\bin\CL.exe /c /ZI /nologo /W3 /WX- /Od /Oy- /D WIN32 /D _DEBUG /D _LIB /D _UNICODE /D UNICODE /Gm /EHsc /RTC1 /MDd /GS /fp:precise /Zc:wchar_t /Zc:forScope /Fo"C:\Users\Jamie\Documents\GitHub\ForceOfReaction\CSE380_Spring2013_HW3\Temp\tinyxml\\" /Fd"C:\Users\Jamie\Documents\GitHub\ForceOfReaction\CSE380_Spring2013_HW3\Temp\tinyxml\vc100.pdb" /Gd /TP /analyze- /errorReport:prompt src\tinystr.cpp src\tinyxml.cpp src\tinyxmlerror.cpp src\tinyxmlparser.cpp src\xmltest.cpp
         xmltest.cpp
     1>c:\users\jamie\documents\github\forceofreaction\cse380_spring2013_hw3\tinyxml\src\xmltest.cpp(599): warning C4996: 'fopen': This function or variable may be unsafe. Consider using fopen_s instead. To disable deprecation, use _CRT_SECURE_NO_WARNINGS. See online help for details.
                 c:\program files\microsoft visual studio 10.0\vc\include\stdio.h(234) : see declaration of 'fopen'
     1>c:\users\jamie\documents\github\forceofreaction\cse380_spring2013_hw3\tinyxml\src\xmltest.cpp(600): warning C4996: 'fopen': This function or variable may be unsafe. Consider using fopen_s instead. To disable deprecation, use _CRT_SECURE_NO_WARNINGS. See online help for details.
                 c:\program files\microsoft visual studio 10.0\vc\include\stdio.h(234) : see declaration of 'fopen'
     1>c:\users\jamie\documents\github\forceofreaction\cse380_spring2013_hw3\tinyxml\src\xmltest.cpp(876): warning C4996: 'strcpy': This function or variable may be unsafe. Consider using strcpy_s instead. To disable deprecation, use _CRT_SECURE_NO_WARNINGS. See online help for details.
                 c:\program files\microsoft visual studio 10.0\vc\include\string.h(105) : see declaration of 'strcpy'
     1>c:\users\jamie\documents\github\forceofreaction\cse380_spring2013_hw3\tinyxml\src\xmltest.cpp(969): warning C4996: 'fopen': This function or variable may be unsafe. Consider using fopen_s instead. To disable deprecation, use _CRT_SECURE_NO_WARNINGS. See online help for details.
                 c:\program files\microsoft visual studio 10.0\vc\include\stdio.h(234) : see declaration of 'fopen'
     1>c:\users\jamie\documents\github\forceofreaction\cse380_spring2013_hw3\tinyxml\src\xmltest.cpp(975): warning C4996: 'fopen': This function or variable may be unsafe. Consider using fopen_s instead. To disable deprecation, use _CRT_SECURE_NO_WARNINGS. See online help for details.
                 c:\program files\microsoft visual studio 10.0\vc\include\stdio.h(234) : see declaration of 'fopen'
     1>c:\users\jamie\documents\github\forceofreaction\cse380_spring2013_hw3\tinyxml\src\xmltest.cpp(991): warning C4996: 'fopen': This function or variable may be unsafe. Consider using fopen_s instead. To disable deprecation, use _CRT_SECURE_NO_WARNINGS. See online help for details.
                 c:\program files\microsoft visual studio 10.0\vc\include\stdio.h(234) : see declaration of 'fopen'
     1>c:\users\jamie\documents\github\forceofreaction\cse380_spring2013_hw3\tinyxml\src\xmltest.cpp(1004): warning C4996: 'fopen': This function or variable may be unsafe. Consider using fopen_s instead. To disable deprecation, use _CRT_SECURE_NO_WARNINGS. See online help for details.
                 c:\program files\microsoft visual studio 10.0\vc\include\stdio.h(234) : see declaration of 'fopen'
         tinyxmlparser.cpp
         tinyxmlerror.cpp
         tinyxml.cpp
         tinystr.cpp
         Generating Code...
       Lib:
         c:\Program Files\Microsoft Visual Studio 10.0\VC\bin\Lib.exe /OUT:"C:\Users\Jamie\Documents\GitHub\ForceOfReaction\CSE380_Spring2013_HW3\Common\tinyxml.lib" /NOLOGO C:\Users\Jamie\Documents\GitHub\ForceOfReaction\CSE380_Spring2013_HW3\Temp\tinyxml\tinystr.obj
         C:\Users\Jamie\Documents\GitHub\ForceOfReaction\CSE380_Spring2013_HW3\Temp\tinyxml\tinyxml.obj
         C:\Users\Jamie\Documents\GitHub\ForceOfReaction\CSE380_Spring2013_HW3\Temp\tinyxml\tinyxmlerror.obj
         C:\Users\Jamie\Documents\GitHub\ForceOfReaction\CSE380_Spring2013_HW3\Temp\tinyxml\tinyxmlparser.obj
         C:\Users\Jamie\Documents\GitHub\ForceOfReaction\CSE380_Spring2013_HW3\Temp\tinyxml\xmltest.obj
         tinyxml.vcxproj -> C:\Users\Jamie\Documents\GitHub\ForceOfReaction\CSE380_Spring2013_HW3\Common\tinyxml.lib
       FinalizeBuildStatus:
         Deleting file "C:\Users\Jamie\Documents\GitHub\ForceOfReaction\CSE380_Spring2013_HW3\Temp\tinyxml\tinyxml.unsuccessfulbuild".
         Touching "C:\Users\Jamie\Documents\GitHub\ForceOfReaction\CSE380_Spring2013_HW3\Temp\tinyxml\tinyxml.lastbuildstate".
     1>Done Building Project "C:\Users\Jamie\Documents\GitHub\ForceOfReaction\CSE380_Spring2013_HW3\tinyxml\tinyxml.vcxproj" (build target(s)).

Build succeeded.

Time Elapsed 00:00:04.08
