C:\FORCE_OF_REACTION\CSE380_SPRING2013_HW3\BOX2D\BUILD\VS2010\OBJ\X32\DEBUG\BOX2D\B2BLOCKALLOCATOR.OBJ
C:\FORCE_OF_REACTION\CSE380_SPRING2013_HW3\BOX2D\BUILD\VS2010\OBJ\X32\DEBUG\BOX2D\B2BODY.OBJ
C:\FORCE_OF_REACTION\CSE380_SPRING2013_HW3\BOX2D\BUILD\VS2010\OBJ\X32\DEBUG\BOX2D\B2BROADPHASE.OBJ
C:\FORCE_OF_REACTION\CSE380_SPRING2013_HW3\BOX2D\BUILD\VS2010\OBJ\X32\DEBUG\BOX2D\B2CHAINANDCIRCLECONTACT.OBJ
C:\FORCE_OF_REACTION\CSE380_SPRING2013_HW3\BOX2D\BUILD\VS2010\OBJ\X32\DEBUG\BOX2D\B2CHAINANDPOLYGONCONTACT.OBJ
C:\FORCE_OF_REACTION\CSE380_SPRING2013_HW3\BOX2D\BUILD\VS2010\OBJ\X32\DEBUG\BOX2D\B2CHAINSHAPE.OBJ
C:\FORCE_OF_REACTION\CSE380_SPRING2013_HW3\BOX2D\BUILD\VS2010\OBJ\X32\DEBUG\BOX2D\B2CIRCLECONTACT.OBJ
C:\FORCE_OF_REACTION\CSE380_SPRING2013_HW3\BOX2D\BUILD\VS2010\OBJ\X32\DEBUG\BOX2D\B2CIRCLESHAPE.OBJ
C:\FORCE_OF_REACTION\CSE380_SPRING2013_HW3\BOX2D\BUILD\VS2010\OBJ\X32\DEBUG\BOX2D\B2COLLIDECIRCLE.OBJ
C:\FORCE_OF_REACTION\CSE380_SPRING2013_HW3\BOX2D\BUILD\VS2010\OBJ\X32\DEBUG\BOX2D\B2COLLIDEEDGE.OBJ
C:\FORCE_OF_REACTION\CSE380_SPRING2013_HW3\BOX2D\BUILD\VS2010\OBJ\X32\DEBUG\BOX2D\B2COLLIDEPOLYGON.OBJ
C:\FORCE_OF_REACTION\CSE380_SPRING2013_HW3\BOX2D\BUILD\VS2010\OBJ\X32\DEBUG\BOX2D\B2COLLISION.OBJ
C:\FORCE_OF_REACTION\CSE380_SPRING2013_HW3\BOX2D\BUILD\VS2010\OBJ\X32\DEBUG\BOX2D\B2CONTACT.OBJ
C:\FORCE_OF_REACTION\CSE380_SPRING2013_HW3\BOX2D\BUILD\VS2010\OBJ\X32\DEBUG\BOX2D\B2CONTACTMANAGER.OBJ
C:\FORCE_OF_REACTION\CSE380_SPRING2013_HW3\BOX2D\BUILD\VS2010\OBJ\X32\DEBUG\BOX2D\B2CONTACTSOLVER.OBJ
C:\FORCE_OF_REACTION\CSE380_SPRING2013_HW3\BOX2D\BUILD\VS2010\OBJ\X32\DEBUG\BOX2D\B2DISTANCE.OBJ
C:\FORCE_OF_REACTION\CSE380_SPRING2013_HW3\BOX2D\BUILD\VS2010\OBJ\X32\DEBUG\BOX2D\B2DISTANCEJOINT.OBJ
C:\FORCE_OF_REACTION\CSE380_SPRING2013_HW3\BOX2D\BUILD\VS2010\OBJ\X32\DEBUG\BOX2D\B2DRAW.OBJ
C:\FORCE_OF_REACTION\CSE380_SPRING2013_HW3\BOX2D\BUILD\VS2010\OBJ\X32\DEBUG\BOX2D\B2DYNAMICTREE.OBJ
C:\FORCE_OF_REACTION\CSE380_SPRING2013_HW3\BOX2D\BUILD\VS2010\OBJ\X32\DEBUG\BOX2D\B2EDGEANDCIRCLECONTACT.OBJ
C:\FORCE_OF_REACTION\CSE380_SPRING2013_HW3\BOX2D\BUILD\VS2010\OBJ\X32\DEBUG\BOX2D\B2EDGEANDPOLYGONCONTACT.OBJ
C:\FORCE_OF_REACTION\CSE380_SPRING2013_HW3\BOX2D\BUILD\VS2010\OBJ\X32\DEBUG\BOX2D\B2EDGESHAPE.OBJ
C:\FORCE_OF_REACTION\CSE380_SPRING2013_HW3\BOX2D\BUILD\VS2010\OBJ\X32\DEBUG\BOX2D\B2FIXTURE.OBJ
C:\FORCE_OF_REACTION\CSE380_SPRING2013_HW3\BOX2D\BUILD\VS2010\OBJ\X32\DEBUG\BOX2D\B2FRICTIONJOINT.OBJ
C:\FORCE_OF_REACTION\CSE380_SPRING2013_HW3\BOX2D\BUILD\VS2010\OBJ\X32\DEBUG\BOX2D\B2GEARJOINT.OBJ
C:\FORCE_OF_REACTION\CSE380_SPRING2013_HW3\BOX2D\BUILD\VS2010\OBJ\X32\DEBUG\BOX2D\B2ISLAND.OBJ
C:\FORCE_OF_REACTION\CSE380_SPRING2013_HW3\BOX2D\BUILD\VS2010\OBJ\X32\DEBUG\BOX2D\B2JOINT.OBJ
C:\FORCE_OF_REACTION\CSE380_SPRING2013_HW3\BOX2D\BUILD\VS2010\OBJ\X32\DEBUG\BOX2D\B2MATH.OBJ
C:\FORCE_OF_REACTION\CSE380_SPRING2013_HW3\BOX2D\BUILD\VS2010\OBJ\X32\DEBUG\BOX2D\B2MOUSEJOINT.OBJ
C:\FORCE_OF_REACTION\CSE380_SPRING2013_HW3\BOX2D\BUILD\VS2010\OBJ\X32\DEBUG\BOX2D\B2POLYGONANDCIRCLECONTACT.OBJ
C:\FORCE_OF_REACTION\CSE380_SPRING2013_HW3\BOX2D\BUILD\VS2010\OBJ\X32\DEBUG\BOX2D\B2POLYGONCONTACT.OBJ
C:\FORCE_OF_REACTION\CSE380_SPRING2013_HW3\BOX2D\BUILD\VS2010\OBJ\X32\DEBUG\BOX2D\B2POLYGONSHAPE.OBJ
C:\FORCE_OF_REACTION\CSE380_SPRING2013_HW3\BOX2D\BUILD\VS2010\OBJ\X32\DEBUG\BOX2D\B2PRISMATICJOINT.OBJ
C:\FORCE_OF_REACTION\CSE380_SPRING2013_HW3\BOX2D\BUILD\VS2010\OBJ\X32\DEBUG\BOX2D\B2PULLEYJOINT.OBJ
C:\FORCE_OF_REACTION\CSE380_SPRING2013_HW3\BOX2D\BUILD\VS2010\OBJ\X32\DEBUG\BOX2D\B2REVOLUTEJOINT.OBJ
C:\FORCE_OF_REACTION\CSE380_SPRING2013_HW3\BOX2D\BUILD\VS2010\OBJ\X32\DEBUG\BOX2D\B2ROPE.OBJ
C:\FORCE_OF_REACTION\CSE380_SPRING2013_HW3\BOX2D\BUILD\VS2010\OBJ\X32\DEBUG\BOX2D\B2ROPEJOINT.OBJ
C:\FORCE_OF_REACTION\CSE380_SPRING2013_HW3\BOX2D\BUILD\VS2010\OBJ\X32\DEBUG\BOX2D\B2SETTINGS.OBJ
C:\FORCE_OF_REACTION\CSE380_SPRING2013_HW3\BOX2D\BUILD\VS2010\OBJ\X32\DEBUG\BOX2D\B2STACKALLOCATOR.OBJ
C:\FORCE_OF_REACTION\CSE380_SPRING2013_HW3\BOX2D\BUILD\VS2010\OBJ\X32\DEBUG\BOX2D\B2TIMEOFIMPACT.OBJ
C:\FORCE_OF_REACTION\CSE380_SPRING2013_HW3\BOX2D\BUILD\VS2010\OBJ\X32\DEBUG\BOX2D\B2TIMER.OBJ
C:\FORCE_OF_REACTION\CSE380_SPRING2013_HW3\BOX2D\BUILD\VS2010\OBJ\X32\DEBUG\BOX2D\B2WELDJOINT.OBJ
C:\FORCE_OF_REACTION\CSE380_SPRING2013_HW3\BOX2D\BUILD\VS2010\OBJ\X32\DEBUG\BOX2D\B2WHEELJOINT.OBJ
C:\FORCE_OF_REACTION\CSE380_SPRING2013_HW3\BOX2D\BUILD\VS2010\OBJ\X32\DEBUG\BOX2D\B2WORLD.OBJ
C:\FORCE_OF_REACTION\CSE380_SPRING2013_HW3\BOX2D\BUILD\VS2010\OBJ\X32\DEBUG\BOX2D\B2WORLDCALLBACKS.OBJ
C:\force_of_reaction\CSE380_Spring2013_HW3\Box2D\Build\vs2010\obj\x32\Debug\Box2D\cl.command.1.tlog
C:\force_of_reaction\CSE380_Spring2013_HW3\Box2D\Build\vs2010\obj\x32\Debug\Box2D\CL.read.1.tlog
C:\force_of_reaction\CSE380_Spring2013_HW3\Box2D\Build\vs2010\obj\x32\Debug\Box2D\CL.write.1.tlog
C:\force_of_reaction\CSE380_Spring2013_HW3\Box2D\Build\vs2010\obj\x32\Debug\Box2D\lib.command.1.tlog
C:\force_of_reaction\CSE380_Spring2013_HW3\Box2D\Build\vs2010\obj\x32\Debug\Box2D\Lib.read.1.tlog
C:\force_of_reaction\CSE380_Spring2013_HW3\Box2D\Build\vs2010\obj\x32\Debug\Box2D\Lib.write.1.tlog
C:\force_of_reaction\CSE380_Spring2013_HW3\Box2D\Build\vs2010\obj\x32\Debug\Box2D\Lib-link.read.1.tlog
C:\force_of_reaction\CSE380_Spring2013_HW3\Box2D\Build\vs2010\obj\x32\Debug\Box2D\Lib-link.write.1.tlog
C:\FORCE_OF_REACTION\CSE380_SPRING2013_HW3\COMMON\BOX2D.LIB
C:\FORCE_OF_REACTION\CSE380_SPRING2013_HW3\COMMON\BOX2D.PDB
