Build started 5/13/2013 1:02:30 AM.
     1>Project "C:\Users\Jamie\Documents\GitHub\ForceOfReaction\CSE380_Spring2013_HW3\TMXMapImporter\TMXMapImporter.vcxproj" on node 2 (build target(s)).
     1>InitializeBuildStatus:
         Creating "C:\Users\Jamie\Documents\GitHub\ForceOfReaction\CSE380_Spring2013_HW3\Temp\TMXMapImporter\TMXMapImporter.unsuccessfulbuild" because "AlwaysCreate" was specified.
       ClCompile:
         c:\Program Files\Microsoft Visual Studio 10.0\VC\bin\CL.exe /c /IC:\Users\Jamie\Documents\GitHub\ForceOfReaction\CSE380_Spring2013_HW3\Box2D\ /ZI /nologo /W3 /WX- /Od /Oy- /D WIN32 /D _DEBUG /D _LIB /D _UNICODE /D UNICODE /Gm /EHsc /RTC1 /MDd /GS /fp:precise /Zc:wchar_t /Zc:forScope /Fo"C:\Users\Jamie\Documents\GitHub\ForceOfReaction\CSE380_Spring2013_HW3\Temp\TMXMapImporter\\" /Fd"C:\Users\Jamie\Documents\GitHub\ForceOfReaction\CSE380_Spring2013_HW3\Temp\TMXMapImporter\vc100.pdb" /Gd /TP /analyze- /errorReport:prompt src\TMXMapImporter.cpp
         TMXMapImporter.cpp
     1>c:\users\jamie\documents\github\forceofreaction\cse380_spring2013_hw3\tmxmapimporter\src\tmxmapimporter.cpp(3): warning C4067: unexpected tokens following preprocessor directive - expected a newline
     1>c:\users\jamie\documents\github\forceofreaction\cse380_spring2013_hw3\tmxmapimporter\src\tmxmapimporter.cpp(4): warning C4067: unexpected tokens following preprocessor directive - expected a newline
     1>c:\users\jamie\documents\github\forceofreaction\cse380_spring2013_hw3\tmxmapimporter\src\tmxmapimporter.cpp(42): warning C4482: nonstandard extension used: enum 'MapType' used in qualified name
     1>c:\users\jamie\documents\github\forceofreaction\cse380_spring2013_hw3\tmxmapimporter\src\tmxmapimporter.cpp(47): warning C4482: nonstandard extension used: enum 'MapType' used in qualified name
     1>c:\users\jamie\documents\github\forceofreaction\cse380_spring2013_hw3\tmxmapimporter\src\tmxmapimporter.cpp(246): warning C4482: nonstandard extension used: enum 'MapType' used in qualified name
       Lib:
         c:\Program Files\Microsoft Visual Studio 10.0\VC\bin\Lib.exe /OUT:"C:\Users\Jamie\Documents\GitHub\ForceOfReaction\CSE380_Spring2013_HW3\Common\TMXMapImporter.lib" /NOLOGO C:\Users\Jamie\Documents\GitHub\ForceOfReaction\CSE380_Spring2013_HW3\Temp\TMXMapImporter\TMXMapImporter.obj
         TMXMapImporter.vcxproj -> C:\Users\Jamie\Documents\GitHub\ForceOfReaction\CSE380_Spring2013_HW3\Common\TMXMapImporter.lib
       FinalizeBuildStatus:
         Deleting file "C:\Users\Jamie\Documents\GitHub\ForceOfReaction\CSE380_Spring2013_HW3\Temp\TMXMapImporter\TMXMapImporter.unsuccessfulbuild".
         Touching "C:\Users\Jamie\Documents\GitHub\ForceOfReaction\CSE380_Spring2013_HW3\Temp\TMXMapImporter\TMXMapImporter.lastbuildstate".
     1>Done Building Project "C:\Users\Jamie\Documents\GitHub\ForceOfReaction\CSE380_Spring2013_HW3\TMXMapImporter\TMXMapImporter.vcxproj" (build target(s)).

Build succeeded.

Time Elapsed 00:00:09.43
