C:\USERS\JAMIE\DOCUMENTS\GITHUB\FORCEOFREACTION\CSE380_SPRING2013_HW3\COMMON\LUAPLUSFRAMEWORK.LIB
C:\USERS\JAMIE\DOCUMENTS\GITHUB\FORCEOFREACTION\CSE380_SPRING2013_HW3\TEMP\LUAPLUSFRAMEWORK\AUXILIAR.OBJ
C:\Users\Jamie\Documents\GitHub\ForceOfReaction\CSE380_Spring2013_HW3\Temp\LuaPlusFramework\cl.command.1.tlog
C:\Users\Jamie\Documents\GitHub\ForceOfReaction\CSE380_Spring2013_HW3\Temp\LuaPlusFramework\CL.read.1.tlog
C:\Users\Jamie\Documents\GitHub\ForceOfReaction\CSE380_Spring2013_HW3\Temp\LuaPlusFramework\CL.write.1.tlog
C:\USERS\JAMIE\DOCUMENTS\GITHUB\FORCEOFREACTION\CSE380_SPRING2013_HW3\TEMP\LUAPLUSFRAMEWORK\LAPI.OBJ
C:\USERS\JAMIE\DOCUMENTS\GITHUB\FORCEOFREACTION\CSE380_SPRING2013_HW3\TEMP\LUAPLUSFRAMEWORK\LAUXLIB.OBJ
C:\USERS\JAMIE\DOCUMENTS\GITHUB\FORCEOFREACTION\CSE380_SPRING2013_HW3\TEMP\LUAPLUSFRAMEWORK\LBASELIB.OBJ
C:\USERS\JAMIE\DOCUMENTS\GITHUB\FORCEOFREACTION\CSE380_SPRING2013_HW3\TEMP\LUAPLUSFRAMEWORK\LCODE.OBJ
C:\USERS\JAMIE\DOCUMENTS\GITHUB\FORCEOFREACTION\CSE380_SPRING2013_HW3\TEMP\LUAPLUSFRAMEWORK\LDBLIB.OBJ
C:\USERS\JAMIE\DOCUMENTS\GITHUB\FORCEOFREACTION\CSE380_SPRING2013_HW3\TEMP\LUAPLUSFRAMEWORK\LDEBUG.OBJ
C:\USERS\JAMIE\DOCUMENTS\GITHUB\FORCEOFREACTION\CSE380_SPRING2013_HW3\TEMP\LUAPLUSFRAMEWORK\LDO.OBJ
C:\USERS\JAMIE\DOCUMENTS\GITHUB\FORCEOFREACTION\CSE380_SPRING2013_HW3\TEMP\LUAPLUSFRAMEWORK\LDUMP.OBJ
C:\USERS\JAMIE\DOCUMENTS\GITHUB\FORCEOFREACTION\CSE380_SPRING2013_HW3\TEMP\LUAPLUSFRAMEWORK\LFUNC.OBJ
C:\USERS\JAMIE\DOCUMENTS\GITHUB\FORCEOFREACTION\CSE380_SPRING2013_HW3\TEMP\LUAPLUSFRAMEWORK\LGC.OBJ
C:\Users\Jamie\Documents\GitHub\ForceOfReaction\CSE380_Spring2013_HW3\Temp\LuaPlusFramework\lib.command.1.tlog
C:\Users\Jamie\Documents\GitHub\ForceOfReaction\CSE380_Spring2013_HW3\Temp\LuaPlusFramework\Lib-link.read.1.tlog
C:\Users\Jamie\Documents\GitHub\ForceOfReaction\CSE380_Spring2013_HW3\Temp\LuaPlusFramework\Lib-link.write.1.tlog
C:\USERS\JAMIE\DOCUMENTS\GITHUB\FORCEOFREACTION\CSE380_SPRING2013_HW3\TEMP\LUAPLUSFRAMEWORK\LINIT.OBJ
C:\USERS\JAMIE\DOCUMENTS\GITHUB\FORCEOFREACTION\CSE380_SPRING2013_HW3\TEMP\LUAPLUSFRAMEWORK\LIOLIB.OBJ
C:\USERS\JAMIE\DOCUMENTS\GITHUB\FORCEOFREACTION\CSE380_SPRING2013_HW3\TEMP\LUAPLUSFRAMEWORK\LLEX.OBJ
C:\USERS\JAMIE\DOCUMENTS\GITHUB\FORCEOFREACTION\CSE380_SPRING2013_HW3\TEMP\LUAPLUSFRAMEWORK\LMATHLIB.OBJ
C:\USERS\JAMIE\DOCUMENTS\GITHUB\FORCEOFREACTION\CSE380_SPRING2013_HW3\TEMP\LUAPLUSFRAMEWORK\LMEM.OBJ
C:\USERS\JAMIE\DOCUMENTS\GITHUB\FORCEOFREACTION\CSE380_SPRING2013_HW3\TEMP\LUAPLUSFRAMEWORK\LOADLIB.OBJ
C:\USERS\JAMIE\DOCUMENTS\GITHUB\FORCEOFREACTION\CSE380_SPRING2013_HW3\TEMP\LUAPLUSFRAMEWORK\LOBJECT.OBJ
C:\USERS\JAMIE\DOCUMENTS\GITHUB\FORCEOFREACTION\CSE380_SPRING2013_HW3\TEMP\LUAPLUSFRAMEWORK\LOPCODES.OBJ
C:\USERS\JAMIE\DOCUMENTS\GITHUB\FORCEOFREACTION\CSE380_SPRING2013_HW3\TEMP\LUAPLUSFRAMEWORK\LOSLIB.OBJ
C:\USERS\JAMIE\DOCUMENTS\GITHUB\FORCEOFREACTION\CSE380_SPRING2013_HW3\TEMP\LUAPLUSFRAMEWORK\LPARSER.OBJ
C:\USERS\JAMIE\DOCUMENTS\GITHUB\FORCEOFREACTION\CSE380_SPRING2013_HW3\TEMP\LUAPLUSFRAMEWORK\LSTATE.OBJ
C:\USERS\JAMIE\DOCUMENTS\GITHUB\FORCEOFREACTION\CSE380_SPRING2013_HW3\TEMP\LUAPLUSFRAMEWORK\LSTRING.OBJ
C:\USERS\JAMIE\DOCUMENTS\GITHUB\FORCEOFREACTION\CSE380_SPRING2013_HW3\TEMP\LUAPLUSFRAMEWORK\LSTRLIB.OBJ
C:\USERS\JAMIE\DOCUMENTS\GITHUB\FORCEOFREACTION\CSE380_SPRING2013_HW3\TEMP\LUAPLUSFRAMEWORK\LTABLE.OBJ
C:\USERS\JAMIE\DOCUMENTS\GITHUB\FORCEOFREACTION\CSE380_SPRING2013_HW3\TEMP\LUAPLUSFRAMEWORK\LTABLIB.OBJ
C:\USERS\JAMIE\DOCUMENTS\GITHUB\FORCEOFREACTION\CSE380_SPRING2013_HW3\TEMP\LUAPLUSFRAMEWORK\LTM.OBJ
C:\USERS\JAMIE\DOCUMENTS\GITHUB\FORCEOFREACTION\CSE380_SPRING2013_HW3\TEMP\LUAPLUSFRAMEWORK\LUACALL.OBJ
C:\USERS\JAMIE\DOCUMENTS\GITHUB\FORCEOFREACTION\CSE380_SPRING2013_HW3\TEMP\LUAPLUSFRAMEWORK\LUAOBJECT.OBJ
C:\USERS\JAMIE\DOCUMENTS\GITHUB\FORCEOFREACTION\CSE380_SPRING2013_HW3\TEMP\LUAPLUSFRAMEWORK\LUAPLUS.OBJ
C:\USERS\JAMIE\DOCUMENTS\GITHUB\FORCEOFREACTION\CSE380_SPRING2013_HW3\TEMP\LUAPLUSFRAMEWORK\LUAPLUS_LIBS.OBJ
C:\USERS\JAMIE\DOCUMENTS\GITHUB\FORCEOFREACTION\CSE380_SPRING2013_HW3\TEMP\LUAPLUSFRAMEWORK\LUAPLUSADDONS.OBJ
C:\USERS\JAMIE\DOCUMENTS\GITHUB\FORCEOFREACTION\CSE380_SPRING2013_HW3\TEMP\LUAPLUSFRAMEWORK\LUAPLUSFUNCTIONS.OBJ
C:\USERS\JAMIE\DOCUMENTS\GITHUB\FORCEOFREACTION\CSE380_SPRING2013_HW3\TEMP\LUAPLUSFRAMEWORK\LUASTACKOBJECT.OBJ
C:\USERS\JAMIE\DOCUMENTS\GITHUB\FORCEOFREACTION\CSE380_SPRING2013_HW3\TEMP\LUAPLUSFRAMEWORK\LUASTACKTABLEITERATOR.OBJ
C:\USERS\JAMIE\DOCUMENTS\GITHUB\FORCEOFREACTION\CSE380_SPRING2013_HW3\TEMP\LUAPLUSFRAMEWORK\LUASTATE.OBJ
C:\USERS\JAMIE\DOCUMENTS\GITHUB\FORCEOFREACTION\CSE380_SPRING2013_HW3\TEMP\LUAPLUSFRAMEWORK\LUASTATE_DUMPOBJECT.OBJ
C:\USERS\JAMIE\DOCUMENTS\GITHUB\FORCEOFREACTION\CSE380_SPRING2013_HW3\TEMP\LUAPLUSFRAMEWORK\LUASTATEOUTFILE.OBJ
C:\USERS\JAMIE\DOCUMENTS\GITHUB\FORCEOFREACTION\CSE380_SPRING2013_HW3\TEMP\LUAPLUSFRAMEWORK\LUATABLEITERATOR.OBJ
C:\USERS\JAMIE\DOCUMENTS\GITHUB\FORCEOFREACTION\CSE380_SPRING2013_HW3\TEMP\LUAPLUSFRAMEWORK\LUATHREAD.OBJ
C:\USERS\JAMIE\DOCUMENTS\GITHUB\FORCEOFREACTION\CSE380_SPRING2013_HW3\TEMP\LUAPLUSFRAMEWORK\LUNDUMP.OBJ
C:\USERS\JAMIE\DOCUMENTS\GITHUB\FORCEOFREACTION\CSE380_SPRING2013_HW3\TEMP\LUAPLUSFRAMEWORK\LVM.OBJ
C:\USERS\JAMIE\DOCUMENTS\GITHUB\FORCEOFREACTION\CSE380_SPRING2013_HW3\TEMP\LUAPLUSFRAMEWORK\LWSTRLIB.OBJ
C:\USERS\JAMIE\DOCUMENTS\GITHUB\FORCEOFREACTION\CSE380_SPRING2013_HW3\TEMP\LUAPLUSFRAMEWORK\LZIO.OBJ
C:\USERS\JAMIE\DOCUMENTS\GITHUB\FORCEOFREACTION\CSE380_SPRING2013_HW3\TEMP\LUAPLUSFRAMEWORK\PRINT.OBJ
C:\USERS\JAMIE\DOCUMENTS\GITHUB\FORCEOFREACTION\CSE380_SPRING2013_HW3\TEMP\LUAPLUSFRAMEWORK\PT.OBJ
C:\USERS\JAMIE\DOCUMENTS\GITHUB\FORCEOFREACTION\CSE380_SPRING2013_HW3\TEMP\LUAPLUSFRAMEWORK\SRM.OBJ
C:\Users\Jamie\Documents\GitHub\ForceOfReaction\CSE380_Spring2013_HW3\Temp\LuaPlusFramework\vc100.idb
C:\USERS\JAMIE\DOCUMENTS\GITHUB\FORCEOFREACTION\CSE380_SPRING2013_HW3\TEMP\LUAPLUSFRAMEWORK\VC100.PDB
